# JRE version: OpenJDK Runtime Environment (8.0_202-b03) (build 1.8.0_202-release-1483-b03)
# Java VM: OpenJDK 64-Bit Server VM (25.202-b03 mixed mode windows-amd64 compressed oops)
Heap:
 PSYoungGen      total 175616K, used 3050K [0x00000000e0000000, 0x00000000ec880000, 0x0000000100000000)
  eden space 157696K, 1% used [0x00000000e0000000,0x00000000e02fa9b8,0x00000000e9a00000)
  from space 17920K, 0% used [0x00000000eab00000,0x00000000eab00000,0x00000000ebc80000)
  to   space 17408K, 0% used [0x00000000e9a00000,0x00000000e9a00000,0x00000000eab00000)
 ParOldGen       total 96256K, used 34690K [0x00000000a0000000, 0x00000000a5e00000, 0x00000000e0000000)
  object space 96256K, 36% used [0x00000000a0000000,0x00000000a21e0860,0x00000000a5e00000)
 Metaspace       used 57499K, capacity 59063K, committed 59288K, reserved 1099776K
  class space    used 7829K, capacity 8240K, committed 8360K, reserved 1048576K
GC Heap History (10 events):
Event: 7.025 GC heap before
{Heap before GC invocations=11 (full 2):
 PSYoungGen      total 112128K, used 10585K [0x00000000e0000000, 0x00000000e9e80000, 0x0000000100000000)
  eden space 100864K, 0% used [0x00000000e0000000,0x00000000e0000000,0x00000000e6280000)
  from space 11264K, 93% used [0x00000000e6280000,0x00000000e6cd65f8,0x00000000e6d80000)
  to   space 12288K, 0% used [0x00000000e9280000,0x00000000e9280000,0x00000000e9e80000)
 ParOldGen       total 61440K, used 9780K [0x00000000a0000000, 0x00000000a3c00000, 0x00000000e0000000)
  object space 61440K, 15% used [0x00000000a0000000,0x00000000a098d380,0x00000000a3c00000)
 Metaspace       used 34731K, capacity 35456K, committed 35496K, reserved 1079296K
  class space    used 4784K, capacity 4999K, committed 5032K, reserved 1048576K
Event: 7.114 GC heap after
Heap after GC invocations=11 (full 2):
 PSYoungGen      total 112128K, used 0K [0x00000000e0000000, 0x00000000e9e80000, 0x0000000100000000)
  eden space 100864K, 0% used [0x00000000e0000000,0x00000000e0000000,0x00000000e6280000)
  from space 11264K, 0% used [0x00000000e6280000,0x00000000e6280000,0x00000000e6d80000)
  to   space 12288K, 0% used [0x00000000e9280000,0x00000000e9280000,0x00000000e9e80000)
 ParOldGen       total 96256K, used 17347K [0x00000000a0000000, 0x00000000a5e00000, 0x00000000e0000000)
  object space 96256K, 18% used [0x00000000a0000000,0x00000000a10f0d68,0x00000000a5e00000)
 Metaspace       used 34716K, capacity 35402K, committed 35496K, reserved 1079296K
  class space    used 4779K, capacity 4990K, committed 5032K, reserved 1048576K
}
Event: 8.737 GC heap before
{Heap before GC invocations=12 (full 2):
 PSYoungGen      total 112128K, used 100864K [0x00000000e0000000, 0x00000000e9e80000, 0x0000000100000000)
  eden space 100864K, 100% used [0x00000000e0000000,0x00000000e6280000,0x00000000e6280000)
  from space 11264K, 0% used [0x00000000e6280000,0x00000000e6280000,0x00000000e6d80000)
  to   space 12288K, 0% used [0x00000000e9280000,0x00000000e9280000,0x00000000e9e80000)
 ParOldGen       total 96256K, used 17347K [0x00000000a0000000, 0x00000000a5e00000, 0x00000000e0000000)
  object space 96256K, 18% used [0x00000000a0000000,0x00000000a10f0d68,0x00000000a5e00000)
 Metaspace       used 45175K, capacity 46060K, committed 46376K, reserved 1089536K
  class space    used 6071K, capacity 6340K, committed 6440K, reserved 1048576K
Event: 8.751 GC heap after
Heap after GC invocations=12 (full 2):
 PSYoungGen      total 137216K, used 12267K [0x00000000e0000000, 0x00000000e9e80000, 0x0000000100000000)
  eden space 124928K, 0% used [0x00000000e0000000,0x00000000e0000000,0x00000000e7a00000)
  from space 12288K, 99% used [0x00000000e9280000,0x00000000e9e7acd0,0x00000000e9e80000)
  to   space 13824K, 0% used [0x00000000e8380000,0x00000000e8380000,0x00000000e9100000)
 ParOldGen       total 96256K, used 18804K [0x00000000a0000000, 0x00000000a5e00000, 0x00000000e0000000)
  object space 96256K, 19% used [0x00000000a0000000,0x00000000a125d0b0,0x00000000a5e00000)
 Metaspace       used 45175K, capacity 46060K, committed 46376K, reserved 1089536K
  class space    used 6071K, capacity 6340K, committed 6440K, reserved 1048576K
}
Event: 10.093 GC heap before
{Heap before GC invocations=13 (full 2):
 PSYoungGen      total 137216K, used 137195K [0x00000000e0000000, 0x00000000e9e80000, 0x0000000100000000)
  eden space 124928K, 100% used [0x00000000e0000000,0x00000000e7a00000,0x00000000e7a00000)
  from space 12288K, 99% used [0x00000000e9280000,0x00000000e9e7acd0,0x00000000e9e80000)
  to   space 13824K, 0% used [0x00000000e8380000,0x00000000e8380000,0x00000000e9100000)
 ParOldGen       total 96256K, used 18804K [0x00000000a0000000, 0x00000000a5e00000, 0x00000000e0000000)
  object space 96256K, 19% used [0x00000000a0000000,0x00000000a125d0b0,0x00000000a5e00000)
 Metaspace       used 52657K, capacity 54166K, committed 54440K, reserved 1095680K
  class space    used 7165K, capacity 7553K, committed 7592K, reserved 1048576K
Event: 10.119 GC heap after
Heap after GC invocations=13 (full 2):
 PSYoungGen      total 148480K, used 13798K [0x00000000e0000000, 0x00000000ebc80000, 0x0000000100000000)
  eden space 134656K, 0% used [0x00000000e0000000,0x00000000e0000000,0x00000000e8380000)
  from space 13824K, 99% used [0x00000000e8380000,0x00000000e90f99b0,0x00000000e9100000)
  to   space 17920K, 0% used [0x00000000eab00000,0x00000000eab00000,0x00000000ebc80000)
 ParOldGen       total 96256K, used 25085K [0x00000000a0000000, 0x00000000a5e00000, 0x00000000e0000000)
  object space 96256K, 26% used [0x00000000a0000000,0x00000000a187f7a8,0x00000000a5e00000)
 Metaspace       used 52657K, capacity 54166K, committed 54440K, reserved 1095680K
  class space    used 7165K, capacity 7553K, committed 7592K, reserved 1048576K
}
Event: 11.605 GC heap before
{Heap before GC invocations=14 (full 2):
 PSYoungGen      total 148480K, used 78501K [0x00000000e0000000, 0x00000000ebc80000, 0x0000000100000000)
  eden space 134656K, 48% used [0x00000000e0000000,0x00000000e3f2fb58,0x00000000e8380000)
  from space 13824K, 99% used [0x00000000e8380000,0x00000000e90f99b0,0x00000000e9100000)
  to   space 17920K, 0% used [0x00000000eab00000,0x00000000eab00000,0x00000000ebc80000)
 ParOldGen       total 96256K, used 25085K [0x00000000a0000000, 0x00000000a5e00000, 0x00000000e0000000)
  object space 96256K, 26% used [0x00000000a0000000,0x00000000a187f7a8,0x00000000a5e00000)
 Metaspace       used 57454K, capacity 59049K, committed 59160K, reserved 1099776K
  class space    used 7816K, capacity 8232K, committed 8232K, reserved 1048576K
Event: 11.640 GC heap after
Heap after GC invocations=14 (full 2):
 PSYoungGen      total 175616K, used 6114K [0x00000000e0000000, 0x00000000ec880000, 0x0000000100000000)
  eden space 157696K, 0% used [0x00000000e0000000,0x00000000e0000000,0x00000000e9a00000)
  from space 17920K, 34% used [0x00000000eab00000,0x00000000eb0f8be0,0x00000000ebc80000)
  to   space 17408K, 0% used [0x00000000e9a00000,0x00000000e9a00000,0x00000000eab00000)
 ParOldGen       total 96256K, used 33107K [0x00000000a0000000, 0x00000000a5e00000, 0x00000000e0000000)
  object space 96256K, 34% used [0x00000000a0000000,0x00000000a2054c70,0x00000000a5e00000)
 Metaspace       used 57454K, capacity 59049K, committed 59160K, reserved 1099776K
  class space    used 7816K, capacity 8232K, committed 8232K, reserved 1048576K
}
Event: 11.641 GC heap before
{Heap before GC invocations=15 (full 3):
 PSYoungGen      total 175616K, used 6114K [0x00000000e0000000, 0x00000000ec880000, 0x0000000100000000)
  eden space 157696K, 0% used [0x00000000e0000000,0x00000000e0000000,0x00000000e9a00000)
  from space 17920K, 34% used [0x00000000eab00000,0x00000000eb0f8be0,0x00000000ebc80000)
  to   space 17408K, 0% used [0x00000000e9a00000,0x00000000e9a00000,0x00000000eab00000)
 ParOldGen       total 96256K, used 33107K [0x00000000a0000000, 0x00000000a5e00000, 0x00000000e0000000)
  object space 96256K, 34% used [0x00000000a0000000,0x00000000a2054c70,0x00000000a5e00000)
 Metaspace       used 57454K, capacity 59049K, committed 59160K, reserved 1099776K
  class space    used 7816K, capacity 8232K, committed 8232K, reserved 1048576K
Event: 11.946 GC heap after
Heap after GC invocations=15 (full 3):
 PSYoungGen      total 175616K, used 0K [0x00000000e0000000, 0x00000000ec880000, 0x0000000100000000)
  eden space 157696K, 0% used [0x00000000e0000000,0x00000000e0000000,0x00000000e9a00000)
  from space 17920K, 0% used [0x00000000eab00000,0x00000000eab00000,0x00000000ebc80000)
  to   space 17408K, 0% used [0x00000000e9a00000,0x00000000e9a00000,0x00000000eab00000)
 ParOldGen       total 96256K, used 34690K [0x00000000a0000000, 0x00000000a5e00000, 0x00000000e0000000)
  object space 96256K, 36% used [0x00000000a0000000,0x00000000a21e0860,0x00000000a5e00000)
 Metaspace       used 57454K, capacity 59049K, committed 59160K, reserved 1099776K
  class space    used 7816K, capacity 8232K, committed 8232K, reserved 1048576K
}

